<?xml version="1.0" encoding="UTF-8"?>
<testsuite xmlns:xsi="http://www.w3.org/2001/XMLSchema-instance" xsi:noNamespaceSchemaLocation="https://maven.apache.org/surefire/maven-surefire-plugin/xsd/surefire-test-report-3.0.xsd" version="3.0" name="com.airam.ApplicationTest" time="0.193" tests="26" errors="0" skipped="0" failures="0">
  <properties>
[...]
</properties>
  <testcase name="testMensajePuntuacion(Integer, String)[1]" classname="com.airam.ApplicationTest" time="0.043"/>
  <testcase name="testMensajePuntuacion(Integer, String)[2]" classname="com.airam.ApplicationTest" time="0"/>
  <testcase name="testMensajePuntuacion(Integer, String)[3]" classname="com.airam.ApplicationTest" time="0.014"/>
  <testcase name="testMensajePuntuacion(Integer, String)[4]" classname="com.airam.ApplicationTest" time="0"/>
  <testcase name="testMensajePuntuacion(Integer, String)[5]" classname="com.airam.ApplicationTest" time="0"/>
  <testcase name="testMensajePuntuacion(Integer, String)[6]" classname="com.airam.ApplicationTest" time="0"/>
  <testcase name="testMensajePuntuacion(Integer, String)[7]" classname="com.airam.ApplicationTest" time="0"/>
  <testcase name="testMensajePuntuacion(Integer, String)[8]" classname="com.airam.ApplicationTest" time="0"/>
  <testcase name="testMensajePuntuacion(Integer, String)[9]" classname="com.airam.ApplicationTest" time="0"/>
  <testcase name="testMensajePuntuacion(Integer, String)[10]" classname="com.airam.ApplicationTest" time="0"/>
  <testcase name="testMensajePuntuacion(Integer, String)[11]" classname="com.airam.ApplicationTest" time="0"/>
  <testcase name="testMensajePuntuacion(Integer, String)[12]" classname="com.airam.ApplicationTest" time="0"/>
  <testcase name="testObtenerPuntuacion(String, Integer)[1]" classname="com.airam.ApplicationTest" time="0.003">
    <system-out><![CDATA[Ingrese una puntuación para calificar
]]></system-out>
  </testcase>
  <testcase name="testObtenerPuntuacion(String, Integer)[2]" classname="com.airam.ApplicationTest" time="0.001">
    <system-out><![CDATA[Ingrese una puntuación para calificar
]]></system-out>
  </testcase>
  <testcase name="testObtenerClasificacion(Integer, String)[1]" classname="com.airam.ApplicationTest" time="0"/>
  <testcase name="testObtenerClasificacion(Integer, String)[2]" classname="com.airam.ApplicationTest" time="0"/>
  <testcase name="testObtenerClasificacion(Integer, String)[3]" classname="com.airam.ApplicationTest" time="0"/>
  <testcase name="testObtenerClasificacion(Integer, String)[4]" classname="com.airam.ApplicationTest" time="0"/>
  <testcase name="testObtenerClasificacion(Integer, String)[5]" classname="com.airam.ApplicationTest" time="0"/>
  <testcase name="testObtenerClasificacion(Integer, String)[6]" classname="com.airam.ApplicationTest" time="0"/>
  <testcase name="testObtenerClasificacion(Integer, String)[7]" classname="com.airam.ApplicationTest" time="0"/>
  <testcase name="testObtenerClasificacion(Integer, String)[8]" classname="com.airam.ApplicationTest" time="0"/>
  <testcase name="testObtenerClasificacion(Integer, String)[9]" classname="com.airam.ApplicationTest" time="0"/>
  <testcase name="testObtenerClasificacion(Integer, String)[10]" classname="com.airam.ApplicationTest" time="0"/>
  <testcase name="testObtenerClasificacion(Integer, String)[11]" classname="com.airam.ApplicationTest" time="0"/>
  <testcase name="testObtenerClasificacion(Integer, String)[12]" classname="com.airam.ApplicationTest" time="0"/>
</testsuite>